==333988== Memcheck, a memory error detector
==333988== Copyright (C) 2002-2017, and GNU GPL'd, by Julian Seward et al.
==333988== Using Valgrind-3.15.0-608cb11914-20190413 and LibVEX; rerun with -h for copyright info
==333988== Command: ./minishell
==333988== Parent PID: 333986
==333988== 
--333988-- 
--333988-- Valgrind options:
--333988--    --leak-check=full
--333988--    --show-leak-kinds=all
--333988--    --track-origins=yes
--333988--    --suppressions=./sup/sup.sup
--333988--    --verbose
--333988--    --log-file=./temp/valgrind.log
--333988-- Contents of /proc/version:
--333988--   Linux version 5.4.0-169-generic (buildd@lcy02-amd64-102) (gcc version 9.4.0 (Ubuntu 9.4.0-1ubuntu1~20.04.2)) #187-Ubuntu SMP Thu Nov 23 14:52:28 UTC 2023
--333988-- 
--333988-- Arch and hwcaps: AMD64, LittleEndian, amd64-cx16-lzcnt-rdtscp-sse3-ssse3-avx-avx2-bmi-f16c-rdrand
--333988-- Page sizes: currently 4096, max supported 4096
--333988-- Valgrind library directory: /usr/lib/x86_64-linux-gnu/valgrind
--333988-- Reading syms from /nfs/homes/phenriq2/42/Level_2/42_minishell/minishell
--333988-- Reading syms from /usr/lib/x86_64-linux-gnu/ld-2.31.so
--333988--   Considering /usr/lib/debug/.build-id/7a/e2aaae1a0e5b262df913ee0885582d2e327982.debug ..
--333988--   .. build-id is valid
--333988-- Reading syms from /usr/lib/x86_64-linux-gnu/valgrind/memcheck-amd64-linux
--333988--    object doesn't have a symbol table
--333988--    object doesn't have a dynamic symbol table
--333988-- Scheduler: using generic scheduler lock implementation.
--333988-- Reading suppressions file: ./sup/sup.sup
--333988-- Reading suppressions file: /usr/lib/x86_64-linux-gnu/valgrind/default.supp
==333988== embedded gdbserver: reading from /tmp/vgdb-pipe-from-vgdb-to-333988-by-phenriq2-on-???
==333988== embedded gdbserver: writing to   /tmp/vgdb-pipe-to-vgdb-from-333988-by-phenriq2-on-???
==333988== embedded gdbserver: shared mem   /tmp/vgdb-pipe-shared-mem-vgdb-333988-by-phenriq2-on-???
==333988== 
==333988== TO CONTROL THIS PROCESS USING vgdb (which you probably
==333988== don't want to do, unless you know exactly what you're doing,
==333988== or are doing some strange experiment):
==333988==   /usr/lib/x86_64-linux-gnu/valgrind/../../bin/vgdb --pid=333988 ...command...
==333988== 
==333988== TO DEBUG THIS PROCESS USING GDB: start GDB like this
==333988==   /path/to/gdb ./minishell
==333988== and then give GDB the following command
==333988==   target remote | /usr/lib/x86_64-linux-gnu/valgrind/../../bin/vgdb --pid=333988
==333988== --pid is optional if only one valgrind process is running
==333988== 
--333988-- REDIR: 0x4022e20 (ld-linux-x86-64.so.2:strlen) redirected to 0x580c9ce2 (???)
--333988-- REDIR: 0x4022bf0 (ld-linux-x86-64.so.2:index) redirected to 0x580c9cfc (???)
--333988-- Reading syms from /usr/lib/x86_64-linux-gnu/valgrind/vgpreload_core-amd64-linux.so
--333988--    object doesn't have a symbol table
--333988-- Reading syms from /usr/lib/x86_64-linux-gnu/valgrind/vgpreload_memcheck-amd64-linux.so
--333988--    object doesn't have a symbol table
==333988== WARNING: new redirection conflicts with existing -- ignoring it
--333988--     old: 0x04022e20 (strlen              ) R-> (0000.0) 0x580c9ce2 ???
--333988--     new: 0x04022e20 (strlen              ) R-> (2007.0) 0x0483f060 strlen
--333988-- REDIR: 0x401f600 (ld-linux-x86-64.so.2:strcmp) redirected to 0x483ffd0 (strcmp)
--333988-- REDIR: 0x4023380 (ld-linux-x86-64.so.2:mempcpy) redirected to 0x4843a20 (mempcpy)
--333988-- Reading syms from /usr/lib/x86_64-linux-gnu/libreadline.so.8.0
--333988--    object doesn't have a symbol table
--333988-- Reading syms from /usr/lib/x86_64-linux-gnu/libhistory.so.8.0
--333988--    object doesn't have a symbol table
--333988-- Reading syms from /usr/lib/x86_64-linux-gnu/libc-2.31.so
--333988--   Considering /usr/lib/debug/.build-id/ee/be5d5f4b608b8a53ec446b63981bba373ca0ca.debug ..
--333988--   .. build-id is valid
--333988-- Reading syms from /usr/lib/x86_64-linux-gnu/libtinfo.so.6.2
--333988--    object doesn't have a symbol table
--333988-- REDIR: 0x4960480 (libc.so.6:memmove) redirected to 0x48311d0 (_vgnU_ifunc_wrapper)
--333988-- REDIR: 0x495f780 (libc.so.6:strncpy) redirected to 0x48311d0 (_vgnU_ifunc_wrapper)
--333988-- REDIR: 0x49607b0 (libc.so.6:strcasecmp) redirected to 0x48311d0 (_vgnU_ifunc_wrapper)
--333988-- REDIR: 0x495f0a0 (libc.so.6:strcat) redirected to 0x48311d0 (_vgnU_ifunc_wrapper)
--333988-- REDIR: 0x495f7e0 (libc.so.6:rindex) redirected to 0x48311d0 (_vgnU_ifunc_wrapper)
--333988-- REDIR: 0x4961c50 (libc.so.6:rawmemchr) redirected to 0x48311d0 (_vgnU_ifunc_wrapper)
--333988-- REDIR: 0x497cce0 (libc.so.6:wmemchr) redirected to 0x48311d0 (_vgnU_ifunc_wrapper)
--333988-- REDIR: 0x497c820 (libc.so.6:wcscmp) redirected to 0x48311d0 (_vgnU_ifunc_wrapper)
--333988-- REDIR: 0x49605e0 (libc.so.6:mempcpy) redirected to 0x48311d0 (_vgnU_ifunc_wrapper)
--333988-- REDIR: 0x4960410 (libc.so.6:bcmp) redirected to 0x48311d0 (_vgnU_ifunc_wrapper)
--333988-- REDIR: 0x495f710 (libc.so.6:strncmp) redirected to 0x48311d0 (_vgnU_ifunc_wrapper)
--333988-- REDIR: 0x495f150 (libc.so.6:strcmp) redirected to 0x48311d0 (_vgnU_ifunc_wrapper)
--333988-- REDIR: 0x4960540 (libc.so.6:memset) redirected to 0x48311d0 (_vgnU_ifunc_wrapper)
--333988-- REDIR: 0x497c7e0 (libc.so.6:wcschr) redirected to 0x48311d0 (_vgnU_ifunc_wrapper)
--333988-- REDIR: 0x495f670 (libc.so.6:strnlen) redirected to 0x48311d0 (_vgnU_ifunc_wrapper)
--333988-- REDIR: 0x495f230 (libc.so.6:strcspn) redirected to 0x48311d0 (_vgnU_ifunc_wrapper)
--333988-- REDIR: 0x4960800 (libc.so.6:strncasecmp) redirected to 0x48311d0 (_vgnU_ifunc_wrapper)
--333988-- REDIR: 0x495f1d0 (libc.so.6:strcpy) redirected to 0x48311d0 (_vgnU_ifunc_wrapper)
--333988-- REDIR: 0x4960950 (libc.so.6:memcpy@@GLIBC_2.14) redirected to 0x48311d0 (_vgnU_ifunc_wrapper)
--333988-- REDIR: 0x497df50 (libc.so.6:wcsnlen) redirected to 0x48311d0 (_vgnU_ifunc_wrapper)
--333988-- REDIR: 0x497c860 (libc.so.6:wcscpy) redirected to 0x48311d0 (_vgnU_ifunc_wrapper)
--333988-- REDIR: 0x495f820 (libc.so.6:strpbrk) redirected to 0x48311d0 (_vgnU_ifunc_wrapper)
--333988-- REDIR: 0x495f100 (libc.so.6:index) redirected to 0x48311d0 (_vgnU_ifunc_wrapper)
--333988-- REDIR: 0x495f630 (libc.so.6:strlen) redirected to 0x48311d0 (_vgnU_ifunc_wrapper)
--333988-- REDIR: 0x4968bb0 (libc.so.6:memrchr) redirected to 0x48311d0 (_vgnU_ifunc_wrapper)
--333988-- REDIR: 0x4960850 (libc.so.6:strcasecmp_l) redirected to 0x48311d0 (_vgnU_ifunc_wrapper)
--333988-- REDIR: 0x49603d0 (libc.so.6:memchr) redirected to 0x48311d0 (_vgnU_ifunc_wrapper)
--333988-- REDIR: 0x497c930 (libc.so.6:wcslen) redirected to 0x48311d0 (_vgnU_ifunc_wrapper)
--333988-- REDIR: 0x495fae0 (libc.so.6:strspn) redirected to 0x48311d0 (_vgnU_ifunc_wrapper)
--333988-- REDIR: 0x4960750 (libc.so.6:stpncpy) redirected to 0x48311d0 (_vgnU_ifunc_wrapper)
--333988-- REDIR: 0x49606f0 (libc.so.6:stpcpy) redirected to 0x48311d0 (_vgnU_ifunc_wrapper)
--333988-- REDIR: 0x4961c90 (libc.so.6:strchrnul) redirected to 0x48311d0 (_vgnU_ifunc_wrapper)
--333988-- REDIR: 0x49608a0 (libc.so.6:strncasecmp_l) redirected to 0x48311d0 (_vgnU_ifunc_wrapper)
--333988-- REDIR: 0x495f6b0 (libc.so.6:strncat) redirected to 0x48311d0 (_vgnU_ifunc_wrapper)
--333988-- REDIR: 0x49eda70 (libc.so.6:__memcpy_chk) redirected to 0x48311d0 (_vgnU_ifunc_wrapper)
--333988-- REDIR: 0x49602f0 (libc.so.6:strstr) redirected to 0x48311d0 (_vgnU_ifunc_wrapper)
--333988-- REDIR: 0x4a48730 (libc.so.6:__strrchr_avx2) redirected to 0x483ea10 (rindex)
--333988-- REDIR: 0x4a48540 (libc.so.6:__strchrnul_avx2) redirected to 0x4843540 (strchrnul)
--333988-- REDIR: 0x4a48900 (libc.so.6:__strlen_avx2) redirected to 0x483ef40 (strlen)
--333988-- REDIR: 0x495a0e0 (libc.so.6:malloc) redirected to 0x483b780 (malloc)
--333988-- REDIR: 0x4a44230 (libc.so.6:__strncmp_avx2) redirected to 0x483f670 (strncmp)
--333988-- REDIR: 0x4a4bd90 (libc.so.6:__memset_avx2_unaligned_erms) redirected to 0x48428e0 (memset)
==333988== Invalid read of size 1
==333988==    at 0x401CFC: ft_count_words (ft_split.c:22)
==333988==    by 0x401CFC: ft_split (ft_split.c:57)
==333988==    by 0x4016B9: get_prompt_text (readlines.c:54)
==333988==    by 0x4016B9: readlines (readlines.c:70)
==333988==    by 0x401593: main (main.c:35)
==333988==  Address 0x1ffeffe5f0 is on thread 1's stack
==333988==  4032 bytes below stack pointer
==333988== 
==333988== Invalid read of size 1
==333988==    at 0x401D20: ft_count_words (ft_split.c:24)
==333988==    by 0x401D20: ft_split (ft_split.c:57)
==333988==    by 0x4016B9: get_prompt_text (readlines.c:54)
==333988==    by 0x4016B9: readlines (readlines.c:70)
==333988==    by 0x401593: main (main.c:35)
==333988==  Address 0x1ffeffe5f0 is on thread 1's stack
==333988==  4032 bytes below stack pointer
==333988== 
==333988== Invalid read of size 1
==333988==    at 0x401D45: ft_count_words (ft_split.c:28)
==333988==    by 0x401D45: ft_split (ft_split.c:57)
==333988==    by 0x4016B9: get_prompt_text (readlines.c:54)
==333988==    by 0x4016B9: readlines (readlines.c:70)
==333988==    by 0x401593: main (main.c:35)
==333988==  Address 0x1ffeffe5f2 is on thread 1's stack
==333988==  4030 bytes below stack pointer
==333988== 
==333988== Invalid read of size 1
==333988==    at 0x401DE3: ft_split (ft_split.c:65)
==333988==    by 0x4016B9: get_prompt_text (readlines.c:54)
==333988==    by 0x4016B9: readlines (readlines.c:70)
==333988==    by 0x401593: main (main.c:35)
==333988==  Address 0x1ffeffe5f0 is on thread 1's stack
==333988==  4032 bytes below stack pointer
==333988== 
==333988== Invalid read of size 1
==333988==    at 0x401E14: ft_len_substring (ft_split.c:39)
==333988==    by 0x401E14: ft_split (ft_split.c:67)
==333988==    by 0x4016B9: get_prompt_text (readlines.c:54)
==333988==    by 0x4016B9: readlines (readlines.c:70)
==333988==    by 0x401593: main (main.c:35)
==333988==  Address 0x1ffeffe5f2 is on thread 1's stack
==333988==  4030 bytes below stack pointer
==333988== 
==333988== Invalid read of size 1
==333988==    at 0x401F80: ft_strlen (ft_strlen.c:20)
==333988==    by 0x401FA4: ft_substr (ft_substr.c:21)
==333988==    by 0x401DAF: ft_split (ft_split.c:68)
==333988==    by 0x4016B9: get_prompt_text (readlines.c:54)
==333988==    by 0x4016B9: readlines (readlines.c:70)
==333988==    by 0x401593: main (main.c:35)
==333988==  Address 0x1ffeffe5f0 is on thread 1's stack
==333988==  3976 bytes below stack pointer
==333988== 
==333988== Invalid read of size 1
==333988==    at 0x401F89: ft_strlen (ft_strlen.c:20)
==333988==    by 0x401FA4: ft_substr (ft_substr.c:21)
==333988==    by 0x401DAF: ft_split (ft_split.c:68)
==333988==    by 0x4016B9: get_prompt_text (readlines.c:54)
==333988==    by 0x4016B9: readlines (readlines.c:70)
==333988==    by 0x401593: main (main.c:35)
==333988==  Address 0x1ffeffe5f2 is on thread 1's stack
==333988==  3974 bytes below stack pointer
==333988== 
==333988== Invalid read of size 1
==333988==    at 0x402002: ft_substr (ft_substr.c:36)
==333988==    by 0x401DAF: ft_split (ft_split.c:68)
==333988==    by 0x4016B9: get_prompt_text (readlines.c:54)
==333988==    by 0x4016B9: readlines (readlines.c:70)
==333988==    by 0x401593: main (main.c:35)
==333988==  Address 0x1ffeffe5f1 is on thread 1's stack
==333988==  3983 bytes below stack pointer
==333988== 
==333988== Invalid read of size 1
==333988==    at 0x402022: ft_substr (ft_substr.c:36)
==333988==    by 0x401DAF: ft_split (ft_split.c:68)
==333988==    by 0x4016B9: get_prompt_text (readlines.c:54)
==333988==    by 0x4016B9: readlines (readlines.c:70)
==333988==    by 0x401593: main (main.c:35)
==333988==  Address 0x1ffeffe5f6 is on thread 1's stack
==333988==  3978 bytes below stack pointer
==333988== 
==333988== Invalid read of size 1
==333988==    at 0x40202D: ft_substr (ft_substr.c:36)
==333988==    by 0x401DAF: ft_split (ft_split.c:68)
==333988==    by 0x4016B9: get_prompt_text (readlines.c:54)
==333988==    by 0x4016B9: readlines (readlines.c:70)
==333988==    by 0x401593: main (main.c:35)
==333988==  Address 0x1ffeffe5f7 is on thread 1's stack
==333988==  3977 bytes below stack pointer
==333988== 
==333988== Invalid read of size 1
==333988==    at 0x402039: ft_substr (ft_substr.c:36)
==333988==    by 0x401DAF: ft_split (ft_split.c:68)
==333988==    by 0x4016B9: get_prompt_text (readlines.c:54)
==333988==    by 0x4016B9: readlines (readlines.c:70)
==333988==    by 0x401593: main (main.c:35)
==333988==  Address 0x1ffeffe5f8 is on thread 1's stack
==333988==  3976 bytes below stack pointer
==333988== 
==333988== Invalid read of size 1
==333988==    at 0x402045: ft_substr (ft_substr.c:36)
==333988==    by 0x401DAF: ft_split (ft_split.c:68)
==333988==    by 0x4016B9: get_prompt_text (readlines.c:54)
==333988==    by 0x4016B9: readlines (readlines.c:70)
==333988==    by 0x401593: main (main.c:35)
==333988==  Address 0x1ffeffe5f9 is on thread 1's stack
==333988==  3975 bytes below stack pointer
==333988== 
==333988== Invalid read of size 8
==333988==    at 0x4021A4: ft_substr (ft_substr.c:36)
==333988==    by 0x401DAF: ft_split (ft_split.c:68)
==333988==    by 0x4016B9: get_prompt_text (readlines.c:54)
==333988==    by 0x4016B9: readlines (readlines.c:70)
==333988==    by 0x401593: main (main.c:35)
==333988==  Address 0x1ffeffe5fb is on thread 1's stack
==333988==  3973 bytes below stack pointer
==333988== 
--333988-- REDIR: 0x4a49e40 (libc.so.6:__strcpy_avx2) redirected to 0x483f090 (strcpy)
--333988-- REDIR: 0x49064f0 (libc.so.6:setenv) redirected to 0x4844480 (setenv)
--333988-- REDIR: 0x4a48310 (libc.so.6:__strchr_avx2) redirected to 0x483ebf0 (index)
--333988-- REDIR: 0x495ae80 (libc.so.6:realloc) redirected to 0x483df30 (realloc)
--333988-- REDIR: 0x4a4b910 (libc.so.6:__memcpy_avx_unaligned_erms) redirected to 0x48429f0 (memmove)
--333988-- REDIR: 0x4a4b8f0 (libc.so.6:__mempcpy_avx_unaligned_erms) redirected to 0x4843660 (mempcpy)
--333988-- REDIR: 0x4a43df0 (libc.so.6:__strcmp_avx2) redirected to 0x483fed0 (strcmp)
--333988-- REDIR: 0x495bb10 (libc.so.6:calloc) redirected to 0x483dce0 (calloc)
--333988-- REDIR: 0x4a48aa0 (libc.so.6:__strnlen_avx2) redirected to 0x483eee0 (strnlen)
--333988-- REDIR: 0x495a6d0 (libc.so.6:free) redirected to 0x483c9d0 (free)
--333988-- REDIR: 0x495ffa0 (libc.so.6:__GI_strstr) redirected to 0x4843ca0 (__strstr_sse2)
--333988-- REDIR: 0x4a4b900 (libc.so.6:__memcpy_chk_avx_unaligned_erms) redirected to 0x4843b10 (__memcpy_chk)
--333988-- REDIR: 0x4a4a1d0 (libc.so.6:__strncpy_avx2) redirected to 0x483f230 (strncpy)
--333988-- REDIR: 0x4a44760 (libc.so.6:__memchr_avx2) redirected to 0x4840050 (memchr)
--333988-- REDIR: 0x4a4ab30 (libc.so.6:__stpcpy_avx2) redirected to 0x4842300 (stpcpy)
--333988-- REDIR: 0x4a452d0 (libc.so.6:__strcasecmp_avx) redirected to 0x483f830 (strcasecmp)
--333988-- REDIR: 0x4a46950 (libc.so.6:__strncasecmp_avx) redirected to 0x483f910 (strncasecmp)
--333988-- REDIR: 0x4a44ef0 (libc.so.6:__memcmp_avx2_movbe) redirected to 0x48421e0 (bcmp)
==333988== Invalid read of size 1
==333988==    at 0x40136E: split_quote (input.c:59)
==333988==    by 0x401765: readlines (readlines.c:76)
==333988==    by 0x401593: main (main.c:35)
==333988==  Address 0x0 is not stack'd, malloc'd or (recently) free'd
==333988== 
==333988== 
==333988== Process terminating with default action of signal 11 (SIGSEGV)
==333988==  Access not within mapped region at address 0x0
==333988==    at 0x40136E: split_quote (input.c:59)
==333988==    by 0x401765: readlines (readlines.c:76)
==333988==    by 0x401593: main (main.c:35)
==333988==  If you believe this happened as a result of a stack
==333988==  overflow in your program's main thread (unlikely but
==333988==  possible), you can try to increase the size of the
==333988==  main thread stack using the --main-stacksize= flag.
==333988==  The main thread stack size used in this run was 8388608.
==333988== 
==333988== HEAP SUMMARY:
==333988==     in use at exit: 205,208 bytes in 243 blocks
==333988==   total heap usage: 452 allocs, 209 frees, 226,067 bytes allocated
==333988== 
==333988== Searching for pointers to 243 not-freed blocks
==333988== Checked 213,400 bytes
==333988== 
==333988== 9 bytes in 1 blocks are definitely lost in loss record 5 of 78
==333988==    at 0x483B7F3: malloc (in /usr/lib/x86_64-linux-gnu/valgrind/vgpreload_memcheck-amd64-linux.so)
==333988==    by 0x401F17: ft_strjoin (ft_strjoin.c:21)
==333988==    by 0x401692: get_prompt_text (readlines.c:52)
==333988==    by 0x401692: readlines (readlines.c:70)
==333988==    by 0x401593: main (main.c:35)
==333988== 
==333988== 16 bytes in 1 blocks are definitely lost in loss record 11 of 78
==333988==    at 0x483B7F3: malloc (in /usr/lib/x86_64-linux-gnu/valgrind/vgpreload_memcheck-amd64-linux.so)
==333988==    by 0x401F17: ft_strjoin (ft_strjoin.c:21)
==333988==    by 0x401ED8: ft_strjoin_three (ft_strjoin_three.c:19)
==333988==    by 0x4015DB: get_prompt_text (readlines.c:48)
==333988==    by 0x4015DB: readlines (readlines.c:70)
==333988==    by 0x401593: main (main.c:35)
==333988== 
==333988== 16 bytes in 1 blocks are definitely lost in loss record 12 of 78
==333988==    at 0x483B7F3: malloc (in /usr/lib/x86_64-linux-gnu/valgrind/vgpreload_memcheck-amd64-linux.so)
==333988==    by 0x401F17: ft_strjoin (ft_strjoin.c:21)
==333988==    by 0x401ED8: ft_strjoin_three (ft_strjoin_three.c:19)
==333988==    by 0x4016A4: get_prompt_text (readlines.c:53)
==333988==    by 0x4016A4: readlines (readlines.c:70)
==333988==    by 0x401593: main (main.c:35)
==333988== 
==333988== 18 bytes in 1 blocks are definitely lost in loss record 13 of 78
==333988==    at 0x483B7F3: malloc (in /usr/lib/x86_64-linux-gnu/valgrind/vgpreload_memcheck-amd64-linux.so)
==333988==    by 0x401F17: ft_strjoin (ft_strjoin.c:21)
==333988==    by 0x401ED8: ft_strjoin_three (ft_strjoin_three.c:19)
==333988==    by 0x4016D8: get_prompt_text (readlines.c:56)
==333988==    by 0x4016D8: readlines (readlines.c:70)
==333988==    by 0x401593: main (main.c:35)
==333988== 
==333988== 20 bytes in 1 blocks are still reachable in loss record 14 of 78
==333988==    at 0x483B7F3: malloc (in /usr/lib/x86_64-linux-gnu/valgrind/vgpreload_memcheck-amd64-linux.so)
==333988==    by 0x401F17: ft_strjoin (ft_strjoin.c:21)
==333988==    by 0x4015DB: get_prompt_text (readlines.c:48)
==333988==    by 0x4015DB: readlines (readlines.c:70)
==333988==    by 0x401593: main (main.c:35)
==333988== 
==333988== 20 bytes in 1 blocks are still reachable in loss record 15 of 78
==333988==    at 0x483B7F3: malloc (in /usr/lib/x86_64-linux-gnu/valgrind/vgpreload_memcheck-amd64-linux.so)
==333988==    by 0x401F17: ft_strjoin (ft_strjoin.c:21)
==333988==    by 0x4016A4: get_prompt_text (readlines.c:53)
==333988==    by 0x4016A4: readlines (readlines.c:70)
==333988==    by 0x401593: main (main.c:35)
==333988== 
==333988== 21 bytes in 4 blocks are indirectly lost in loss record 18 of 78
==333988==    at 0x483B7F3: malloc (in /usr/lib/x86_64-linux-gnu/valgrind/vgpreload_memcheck-amd64-linux.so)
==333988==    by 0x401FC0: ft_substr (ft_substr.c:30)
==333988==    by 0x401DAF: ft_split (ft_split.c:68)
==333988==    by 0x401682: get_prompt_text (readlines.c:51)
==333988==    by 0x401682: readlines (readlines.c:70)
==333988==    by 0x401593: main (main.c:35)
==333988== 
==333988== 21 bytes in 1 blocks are definitely lost in loss record 19 of 78
==333988==    at 0x483B7F3: malloc (in /usr/lib/x86_64-linux-gnu/valgrind/vgpreload_memcheck-amd64-linux.so)
==333988==    by 0x401EA1: ft_strdup (ft_strdup.c:20)
==333988==    by 0x401660: get_hostname (readlines.c:37)
==333988==    by 0x401660: get_prompt_text (readlines.c:49)
==333988==    by 0x401660: readlines (readlines.c:70)
==333988==    by 0x401593: main (main.c:35)
==333988== 
==333988== 21 bytes in 1 blocks are definitely lost in loss record 20 of 78
==333988==    at 0x483B7F3: malloc (in /usr/lib/x86_64-linux-gnu/valgrind/vgpreload_memcheck-amd64-linux.so)
==333988==    by 0x401F17: ft_strjoin (ft_strjoin.c:21)
==333988==    by 0x4016E8: get_prompt_text (readlines.c:57)
==333988==    by 0x4016E8: readlines (readlines.c:70)
==333988==    by 0x401593: main (main.c:35)
==333988== 
==333988== 22 bytes in 1 blocks are definitely lost in loss record 21 of 78
==333988==    at 0x483B7F3: malloc (in /usr/lib/x86_64-linux-gnu/valgrind/vgpreload_memcheck-amd64-linux.so)
==333988==    by 0x401F17: ft_strjoin (ft_strjoin.c:21)
==333988==    by 0x4016D8: get_prompt_text (readlines.c:56)
==333988==    by 0x4016D8: readlines (readlines.c:70)
==333988==    by 0x401593: main (main.c:35)
==333988== 
==333988== 22 bytes in 1 blocks are definitely lost in loss record 22 of 78
==333988==    at 0x483B7F3: malloc (in /usr/lib/x86_64-linux-gnu/valgrind/vgpreload_memcheck-amd64-linux.so)
==333988==    by 0x401F17: ft_strjoin (ft_strjoin.c:21)
==333988==    by 0x4016F5: get_prompt_text (readlines.c:57)
==333988==    by 0x4016F5: readlines (readlines.c:70)
==333988==    by 0x401593: main (main.c:35)
==333988== 
==333988== 41 bytes in 1 blocks are definitely lost in loss record 25 of 78
==333988==    at 0x483B7F3: malloc (in /usr/lib/x86_64-linux-gnu/valgrind/vgpreload_memcheck-amd64-linux.so)
==333988==    by 0x401F17: ft_strjoin (ft_strjoin.c:21)
==333988==    by 0x401700: get_prompt_text (readlines.c:58)
==333988==    by 0x401700: readlines (readlines.c:70)
==333988==    by 0x401593: main (main.c:35)
==333988== 
==333988== 43 bytes in 6 blocks are indirectly lost in loss record 26 of 78
==333988==    at 0x483B7F3: malloc (in /usr/lib/x86_64-linux-gnu/valgrind/vgpreload_memcheck-amd64-linux.so)
==333988==    by 0x401FC0: ft_substr (ft_substr.c:30)
==333988==    by 0x401DAF: ft_split (ft_split.c:68)
==333988==    by 0x4016B9: get_prompt_text (readlines.c:54)
==333988==    by 0x4016B9: readlines (readlines.c:70)
==333988==    by 0x401593: main (main.c:35)
==333988== 
==333988== 61 (40 direct, 21 indirect) bytes in 1 blocks are definitely lost in loss record 30 of 78
==333988==    at 0x483B7F3: malloc (in /usr/lib/x86_64-linux-gnu/valgrind/vgpreload_memcheck-amd64-linux.so)
==333988==    by 0x402760: ft_calloc (ft_calloc.c:29)
==333988==    by 0x401D6C: ft_split (ft_split.c:58)
==333988==    by 0x401682: get_prompt_text (readlines.c:51)
==333988==    by 0x401682: readlines (readlines.c:70)
==333988==    by 0x401593: main (main.c:35)
==333988== 
==333988== 62 bytes in 1 blocks are definitely lost in loss record 31 of 78
==333988==    at 0x483B7F3: malloc (in /usr/lib/x86_64-linux-gnu/valgrind/vgpreload_memcheck-amd64-linux.so)
==333988==    by 0x401F17: ft_strjoin (ft_strjoin.c:21)
==333988==    by 0x40170B: get_prompt_text (readlines.c:58)
==333988==    by 0x40170B: readlines (readlines.c:70)
==333988==    by 0x401593: main (main.c:35)
==333988== 
==333988== 99 (56 direct, 43 indirect) bytes in 1 blocks are definitely lost in loss record 36 of 78
==333988==    at 0x483B7F3: malloc (in /usr/lib/x86_64-linux-gnu/valgrind/vgpreload_memcheck-amd64-linux.so)
==333988==    by 0x402760: ft_calloc (ft_calloc.c:29)
==333988==    by 0x401D6C: ft_split (ft_split.c:58)
==333988==    by 0x4016B9: get_prompt_text (readlines.c:54)
==333988==    by 0x4016B9: readlines (readlines.c:70)
==333988==    by 0x401593: main (main.c:35)
==333988== 
==333988== LEAK SUMMARY:
==333988==    definitely lost: 344 bytes in 12 blocks
==333988==    indirectly lost: 64 bytes in 10 blocks
==333988==      possibly lost: 0 bytes in 0 blocks
==333988==    still reachable: 40 bytes in 2 blocks
==333988==         suppressed: 204,760 bytes in 219 blocks
==333988== 
==333988== ERROR SUMMARY: 399 errors from 26 contexts (suppressed: 0 from 0)
==333988== 
==333988== 1 errors in context 1 of 26:
==333988== Invalid read of size 1
==333988==    at 0x40136E: split_quote (input.c:59)
==333988==    by 0x401765: readlines (readlines.c:76)
==333988==    by 0x401593: main (main.c:35)
==333988==  Address 0x0 is not stack'd, malloc'd or (recently) free'd
==333988== 
==333988== 
==333988== 1 errors in context 2 of 26:
==333988== Invalid read of size 1
==333988==    at 0x401CFC: ft_count_words (ft_split.c:22)
==333988==    by 0x401CFC: ft_split (ft_split.c:57)
==333988==    by 0x4016B9: get_prompt_text (readlines.c:54)
==333988==    by 0x4016B9: readlines (readlines.c:70)
==333988==    by 0x401593: main (main.c:35)
==333988==  Address 0x1ffeffe5f0 is on thread 1's stack
==333988==  4032 bytes below stack pointer
==333988== 
==333988== 
==333988== 2 errors in context 3 of 26:
==333988== Invalid read of size 8
==333988==    at 0x4021A4: ft_substr (ft_substr.c:36)
==333988==    by 0x401DAF: ft_split (ft_split.c:68)
==333988==    by 0x4016B9: get_prompt_text (readlines.c:54)
==333988==    by 0x4016B9: readlines (readlines.c:70)
==333988==    by 0x401593: main (main.c:35)
==333988==  Address 0x1ffeffe5fb is on thread 1's stack
==333988==  3973 bytes below stack pointer
==333988== 
==333988== 
==333988== 3 errors in context 4 of 26:
==333988== Invalid read of size 1
==333988==    at 0x402045: ft_substr (ft_substr.c:36)
==333988==    by 0x401DAF: ft_split (ft_split.c:68)
==333988==    by 0x4016B9: get_prompt_text (readlines.c:54)
==333988==    by 0x4016B9: readlines (readlines.c:70)
==333988==    by 0x401593: main (main.c:35)
==333988==  Address 0x1ffeffe5f9 is on thread 1's stack
==333988==  3975 bytes below stack pointer
==333988== 
==333988== 
==333988== 3 errors in context 5 of 26:
==333988== Invalid read of size 1
==333988==    at 0x402039: ft_substr (ft_substr.c:36)
==333988==    by 0x401DAF: ft_split (ft_split.c:68)
==333988==    by 0x4016B9: get_prompt_text (readlines.c:54)
==333988==    by 0x4016B9: readlines (readlines.c:70)
==333988==    by 0x401593: main (main.c:35)
==333988==  Address 0x1ffeffe5f8 is on thread 1's stack
==333988==  3976 bytes below stack pointer
==333988== 
==333988== 
==333988== 3 errors in context 6 of 26:
==333988== Invalid read of size 1
==333988==    at 0x40202D: ft_substr (ft_substr.c:36)
==333988==    by 0x401DAF: ft_split (ft_split.c:68)
==333988==    by 0x4016B9: get_prompt_text (readlines.c:54)
==333988==    by 0x4016B9: readlines (readlines.c:70)
==333988==    by 0x401593: main (main.c:35)
==333988==  Address 0x1ffeffe5f7 is on thread 1's stack
==333988==  3977 bytes below stack pointer
==333988== 
==333988== 
==333988== 3 errors in context 7 of 26:
==333988== Invalid read of size 1
==333988==    at 0x402022: ft_substr (ft_substr.c:36)
==333988==    by 0x401DAF: ft_split (ft_split.c:68)
==333988==    by 0x4016B9: get_prompt_text (readlines.c:54)
==333988==    by 0x4016B9: readlines (readlines.c:70)
==333988==    by 0x401593: main (main.c:35)
==333988==  Address 0x1ffeffe5f6 is on thread 1's stack
==333988==  3978 bytes below stack pointer
==333988== 
==333988== 
==333988== 9 errors in context 8 of 26:
==333988== Invalid read of size 1
==333988==    at 0x402002: ft_substr (ft_substr.c:36)
==333988==    by 0x401DAF: ft_split (ft_split.c:68)
==333988==    by 0x4016B9: get_prompt_text (readlines.c:54)
==333988==    by 0x4016B9: readlines (readlines.c:70)
==333988==    by 0x401593: main (main.c:35)
==333988==  Address 0x1ffeffe5f1 is on thread 1's stack
==333988==  3983 bytes below stack pointer
==333988== 
==333988== 
==333988== 12 errors in context 9 of 26:
==333988== Invalid read of size 1
==333988==    at 0x401DE3: ft_split (ft_split.c:65)
==333988==    by 0x4016B9: get_prompt_text (readlines.c:54)
==333988==    by 0x4016B9: readlines (readlines.c:70)
==333988==    by 0x401593: main (main.c:35)
==333988==  Address 0x1ffeffe5f0 is on thread 1's stack
==333988==  4032 bytes below stack pointer
==333988== 
==333988== 
==333988== 12 errors in context 10 of 26:
==333988== Invalid read of size 1
==333988==    at 0x401D20: ft_count_words (ft_split.c:24)
==333988==    by 0x401D20: ft_split (ft_split.c:57)
==333988==    by 0x4016B9: get_prompt_text (readlines.c:54)
==333988==    by 0x4016B9: readlines (readlines.c:70)
==333988==    by 0x401593: main (main.c:35)
==333988==  Address 0x1ffeffe5f0 is on thread 1's stack
==333988==  4032 bytes below stack pointer
==333988== 
==333988== 
==333988== 37 errors in context 11 of 26:
==333988== Invalid read of size 1
==333988==    at 0x401E14: ft_len_substring (ft_split.c:39)
==333988==    by 0x401E14: ft_split (ft_split.c:67)
==333988==    by 0x4016B9: get_prompt_text (readlines.c:54)
==333988==    by 0x4016B9: readlines (readlines.c:70)
==333988==    by 0x401593: main (main.c:35)
==333988==  Address 0x1ffeffe5f2 is on thread 1's stack
==333988==  4030 bytes below stack pointer
==333988== 
==333988== 
==333988== 37 errors in context 12 of 26:
==333988== Invalid read of size 1
==333988==    at 0x401D45: ft_count_words (ft_split.c:28)
==333988==    by 0x401D45: ft_split (ft_split.c:57)
==333988==    by 0x4016B9: get_prompt_text (readlines.c:54)
==333988==    by 0x4016B9: readlines (readlines.c:70)
==333988==    by 0x401593: main (main.c:35)
==333988==  Address 0x1ffeffe5f2 is on thread 1's stack
==333988==  4030 bytes below stack pointer
==333988== 
==333988== 
==333988== 72 errors in context 13 of 26:
==333988== Invalid read of size 1
==333988==    at 0x401F80: ft_strlen (ft_strlen.c:20)
==333988==    by 0x401FA4: ft_substr (ft_substr.c:21)
==333988==    by 0x401DAF: ft_split (ft_split.c:68)
==333988==    by 0x4016B9: get_prompt_text (readlines.c:54)
==333988==    by 0x4016B9: readlines (readlines.c:70)
==333988==    by 0x401593: main (main.c:35)
==333988==  Address 0x1ffeffe5f0 is on thread 1's stack
==333988==  3976 bytes below stack pointer
==333988== 
==333988== 
==333988== 192 errors in context 14 of 26:
==333988== Invalid read of size 1
==333988==    at 0x401F89: ft_strlen (ft_strlen.c:20)
==333988==    by 0x401FA4: ft_substr (ft_substr.c:21)
==333988==    by 0x401DAF: ft_split (ft_split.c:68)
==333988==    by 0x4016B9: get_prompt_text (readlines.c:54)
==333988==    by 0x4016B9: readlines (readlines.c:70)
==333988==    by 0x401593: main (main.c:35)
==333988==  Address 0x1ffeffe5f2 is on thread 1's stack
==333988==  3974 bytes below stack pointer
==333988== 
--333988-- 
--333988-- used_suppression:     58 <Readline> ./sup/sup.sup:2 suppressed: 200,705 bytes in 215 blocks
--333988-- used_suppression:      4 <Readline/AddHistory> ./sup/sup.sup:10 suppressed: 4,055 bytes in 4 blocks
==333988== 
==333988== ERROR SUMMARY: 399 errors from 26 contexts (suppressed: 0 from 0)
